<?xml version="1.0" encoding="UTF-8"?>
<testng-results skipped="0" failed="0" ignored="0" total="1" passed="1">
  <reporter-output>
  </reporter-output>
  <suite name="Default suite" duration-ms="11259" started-at="2018-08-19T10:43:43Z" finished-at="2018-08-19T10:43:54Z">
    <groups>
    </groups>
    <test name="Default test" duration-ms="11259" started-at="2018-08-19T10:43:43Z" finished-at="2018-08-19T10:43:54Z">
      <class name="OpenBrowser">
        <test-method status="PASS" signature="testBrowser()[pri:0, instance:OpenBrowser@587d1d39]" name="testBrowser" duration-ms="11219" started-at="2018-08-19T10:43:43Z" finished-at="2018-08-19T10:43:54Z">
          <reporter-output>
          </reporter-output>
        </test-method> <!-- testBrowser -->
      </class> <!-- OpenBrowser -->
    </test> <!-- Default test -->
  </suite> <!-- Default suite -->
</testng-results>
